/var/lib/slurm/slurmd/job02715/slurm_script: line 15: activate: No such file or directory
slurmstepd-tesla1: error: *** JOB 2715 ON tesla1 CANCELLED AT 2025-12-03T03:27:03 DUE TO TIME LIMIT ***
slurmstepd-tesla1: error: *** JOB 2715 STEPD TERMINATED ON tesla1 AT 2025-12-03T03:28:32 DUE TO JOB NOT ENDING WITH SIGNALS ***
